2024-03-12-20:32:46.629253400-valeria
2024-03-12-20:34:42.697015800-hola
2024-03-17-22:01:39.630199900-jorge
2024-03-17-22:01:48.196003-jorge
2024-03-17-22:05:40.318974100-jorge
2024-03-17-22:18:29.757871100-jorge
2024-03-17-22:18:39.082378900-Salida de sesión
2024-03-17-22:24:45.451990200-jorge
2024-03-17-22:24:49.938480500-Salida de sesión
2024-03-17-22:31:51.555933400-jorge
2024-03-17-22:31:59.082961300-Salida de sesión
2024-03-17-22:57:17.326054600-jorge
2024-03-17-22:57:35.914263700-Salida de sesión
2024-03-17-23:01:00.327678500-jorge
2024-03-17-23:03:50.292872400-jorge
2024-03-17-23:03:59.250403700-Salida de sesión
2024-03-17-23:05:05.701900-jorge
2024-03-17-23:05:07.386346100-Salida de sesión
2024-03-17-23:09:58.934699400-maria
2024-03-17-23:10:38.421158400-maria
2024-03-17-23:10:40.633467300-Salida de sesión
2024-03-17-23:13:58.100958500-maria
2024-03-17-23:14:00.682132600-Salida de sesión
2024-03-17-23:14:08.700482900-valeria
2024-03-17-23:14:10.569378500-Salida de sesión
2024-03-17-23:20:09.699064-jorge
2024-03-17-23:20:12.753872700-Salida de sesión
